[0m12:18:19.439556 [debug] [MainThread]: Sending event: {'category': 'dbt', 'action': 'invocation', 'label': 'start', 'context': [<snowplow_tracker.self_describing_json.SelfDescribingJson object at 0x120ef6f90>, <snowplow_tracker.self_describing_json.SelfDescribingJson object at 0x123317750>, <snowplow_tracker.self_describing_json.SelfDescribingJson object at 0x1233179d0>]}


============================== 12:18:19.442741 | 38659d27-9f30-4f58-80a9-bdd39648ddbc ==============================
[0m12:18:19.442741 [info ] [MainThread]: Running with dbt=1.11.2
[0m12:18:19.443096 [debug] [MainThread]: running dbt with arguments {'log_cache_events': 'False', 'introspect': 'True', 'warn_error_options': 'WarnErrorOptionsV2(error=[], warn=[], silence=[])', 'log_path': 'logs', 'debug': 'False', 'indirect_selection': 'eager', 'printer_width': '80', 'target_path': 'None', 'invocation_command': 'dbt init --skip-profile-setup airbnb', 'use_experimental_parser': 'False', 'send_anonymous_usage_stats': 'True', 'partial_parse': 'True', 'version_check': 'True', 'warn_error': 'None', 'profiles_dir': '/Users/6zoo/.dbt', 'cache_selected_only': 'False', 'static_parser': 'True', 'log_format': 'default', 'fail_fast': 'False', 'use_colors': 'True', 'empty': 'None', 'write_json': 'True', 'no_print': 'None', 'quiet': 'False'}
[0m12:18:19.479893 [debug] [MainThread]: Starter project path: /Users/6zoo/GitHub/2026dbt/dbt-course/.venv/lib/python3.13/site-packages/dbt/include/starter_project
[0m12:18:19.483595 [info ] [MainThread]: 
Your new dbt project "airbnb" was created!

For more information on how to configure the profiles.yml file,
please consult the dbt documentation here:

  https://docs.getdbt.com/docs/configure-your-profile

One more thing:

Need help? Don't hesitate to reach out to us via GitHub issues or on Slack:

  https://community.getdbt.com/

Happy modeling!

[0m12:18:19.485591 [debug] [MainThread]: Resource report: {"command_name": "init", "command_success": true, "command_wall_clock_time": 0.0942605, "process_in_blocks": "0", "process_kernel_time": 0.117047, "process_mem_max_rss": "109740032", "process_out_blocks": "0", "process_user_time": 0.774882}
[0m12:18:19.485881 [debug] [MainThread]: Command `dbt init` succeeded at 12:18:19.485821 after 0.09 seconds
[0m12:18:19.486097 [debug] [MainThread]: Sending event: {'category': 'dbt', 'action': 'invocation', 'label': 'end', 'context': [<snowplow_tracker.self_describing_json.SelfDescribingJson object at 0x12345c180>, <snowplow_tracker.self_describing_json.SelfDescribingJson object at 0x12345b9b0>, <snowplow_tracker.self_describing_json.SelfDescribingJson object at 0x12319fdf0>]}
[0m12:18:19.486298 [debug] [MainThread]: Flushing usage events
[0m12:18:20.321237 [debug] [MainThread]: An error was encountered while trying to flush usage events
[0m12:18:31.584284 [debug] [MainThread]: Sending event: {'category': 'dbt', 'action': 'invocation', 'label': 'start', 'context': [<snowplow_tracker.self_describing_json.SelfDescribingJson object at 0x1061aef90>, <snowplow_tracker.self_describing_json.SelfDescribingJson object at 0x10779f750>, <snowplow_tracker.self_describing_json.SelfDescribingJson object at 0x10779f9d0>]}


============================== 12:18:31.587319 | 3cb56669-1b80-46f4-ab4a-bb0c0e8c7bdb ==============================
[0m12:18:31.587319 [info ] [MainThread]: Running with dbt=1.11.2
[0m12:18:31.587685 [debug] [MainThread]: running dbt with arguments {'use_experimental_parser': 'False', 'indirect_selection': 'eager', 'cache_selected_only': 'False', 'log_path': 'logs', 'use_colors': 'True', 'invocation_command': 'dbt debug', 'introspect': 'True', 'no_print': 'None', 'static_parser': 'True', 'log_format': 'default', 'send_anonymous_usage_stats': 'True', 'empty': 'None', 'quiet': 'False', 'debug': 'False', 'warn_error': 'None', 'printer_width': '80', 'warn_error_options': 'WarnErrorOptionsV2(error=[], warn=[], silence=[])', 'target_path': 'None', 'profiles_dir': '/Users/6zoo/.dbt', 'log_cache_events': 'False', 'write_json': 'True', 'version_check': 'True', 'fail_fast': 'False', 'partial_parse': 'True'}
[0m12:18:31.599203 [info ] [MainThread]: dbt version: 1.11.2
[0m12:18:31.599462 [info ] [MainThread]: python version: 3.13.9
[0m12:18:31.599624 [info ] [MainThread]: python path: /Users/6zoo/GitHub/2026dbt/dbt-course/.venv/bin/python
[0m12:18:31.599778 [info ] [MainThread]: os info: macOS-15.7.3-arm64-arm-64bit-Mach-O
[0m12:18:31.599935 [info ] [MainThread]: Using profiles dir at /Users/6zoo/.dbt
[0m12:18:31.600077 [info ] [MainThread]: Using profiles.yml file at /Users/6zoo/.dbt/profiles.yml
[0m12:18:31.600221 [info ] [MainThread]: Using dbt_project.yml file at /Users/6zoo/GitHub/2026dbt/dbt-course/dbt_project.yml
[0m12:18:31.600367 [info ] [MainThread]: Configuration:
[0m12:18:31.600529 [info ] [MainThread]:   profiles.yml file [[31mERROR not found[0m]
[0m12:18:31.600669 [info ] [MainThread]:   dbt_project.yml file [[31mERROR not found[0m]
[0m12:18:31.600806 [info ] [MainThread]: Required dependencies:
[0m12:18:31.601000 [debug] [MainThread]: Executing "git --help"
[0m12:18:31.617414 [debug] [MainThread]: STDOUT: "b"usage: git [-v | --version] [-h | --help] [-C <path>] [-c <name>=<value>]\n           [--exec-path[=<path>]] [--html-path] [--man-path] [--info-path]\n           [-p | --paginate | -P | --no-pager] [--no-replace-objects] [--bare]\n           [--git-dir=<path>] [--work-tree=<path>] [--namespace=<name>]\n           [--super-prefix=<path>] [--config-env=<name>=<envvar>]\n           <command> [<args>]\n\nThese are common Git commands used in various situations:\n\nstart a working area (see also: git help tutorial)\n   clone     Clone a repository into a new directory\n   init      Create an empty Git repository or reinitialize an existing one\n\nwork on the current change (see also: git help everyday)\n   add       Add file contents to the index\n   mv        Move or rename a file, a directory, or a symlink\n   restore   Restore working tree files\n   rm        Remove files from the working tree and from the index\n\nexamine the history and state (see also: git help revisions)\n   bisect    Use binary search to find the commit that introduced a bug\n   diff      Show changes between commits, commit and working tree, etc\n   grep      Print lines matching a pattern\n   log       Show commit logs\n   show      Show various types of objects\n   status    Show the working tree status\n\ngrow, mark and tweak your common history\n   branch    List, create, or delete branches\n   commit    Record changes to the repository\n   merge     Join two or more development histories together\n   rebase    Reapply commits on top of another base tip\n   reset     Reset current HEAD to the specified state\n   switch    Switch branches\n   tag       Create, list, delete or verify a tag object signed with GPG\n\ncollaborate (see also: git help workflows)\n   fetch     Download objects and refs from another repository\n   pull      Fetch from and integrate with another repository or a local branch\n   push      Update remote refs along with associated objects\n\n'git help -a' and 'git help -g' list available subcommands and some\nconcept guides. See 'git help <command>' or 'git help <concept>'\nto read about a specific subcommand or concept.\nSee 'git help git' for an overview of the system.\n""
[0m12:18:31.617901 [debug] [MainThread]: STDERR: "b''"
[0m12:18:31.618071 [info ] [MainThread]:  - git [[32mOK found[0m]

[0m12:18:31.618233 [info ] [MainThread]: Connection test skipped since no profile was found
[0m12:18:31.618465 [info ] [MainThread]: [31m2 checks failed:[0m
[0m12:18:31.618606 [info ] [MainThread]: dbt looked for a profiles.yml file in /Users/6zoo/.dbt/profiles.yml, but did
not find one. For more information on configuring your profile, consult the
documentation:

https://docs.getdbt.com/docs/configure-your-profile


[0m12:18:31.618752 [info ] [MainThread]: Project loading failed for the following reason:
 project path </Users/6zoo/GitHub/2026dbt/dbt-course/dbt_project.yml> not found

[0m12:18:31.620475 [debug] [MainThread]: Resource report: {"command_name": "debug", "command_success": false, "command_wall_clock_time": 0.08311183, "process_in_blocks": "0", "process_kernel_time": 0.109869, "process_mem_max_rss": "106381312", "process_out_blocks": "0", "process_user_time": 0.761733}
[0m12:18:31.620870 [debug] [MainThread]: Command `dbt debug` failed at 12:18:31.620804 after 0.08 seconds
[0m12:18:31.621173 [debug] [MainThread]: Sending event: {'category': 'dbt', 'action': 'invocation', 'label': 'end', 'context': [<snowplow_tracker.self_describing_json.SelfDescribingJson object at 0x1077a6fd0>, <snowplow_tracker.self_describing_json.SelfDescribingJson object at 0x1076672f0>, <snowplow_tracker.self_describing_json.SelfDescribingJson object at 0x10787caf0>]}
[0m12:18:31.621420 [debug] [MainThread]: Flushing usage events
[0m12:18:32.538716 [debug] [MainThread]: An error was encountered while trying to flush usage events
